<?xml version="1.0" encoding="UTF-8"?>
<!-- Generated by org.testng.reporters.JUnitReportReporter -->
<testsuite hostname="DESKTOP-H2ULFNK" failures="0" tests="1" name="datadrivendemo.DataProviderWithExcel_002" time="42.027" errors="0" timestamp="29 Jul 2019 05:27:55 GMT" skipped="0">
  <testcase classname="datadrivendemo.DataProviderWithExcel_002" name="f" time="42.027"/>
</testsuite> <!-- datadrivendemo.DataProviderWithExcel_002 -->
