<?xml version="1.0" encoding="UTF-8"?>
<!-- Generated by org.testng.reporters.JUnitReportReporter -->
<testsuite hostname="DESKTOP-H2ULFNK" failures="0" tests="1" name="newtestdemo.ParameterizedTest" time="25.583" errors="0" timestamp="29 Jul 2019 04:40:19 GMT" skipped="0">
  <testcase classname="newtestdemo.ParameterizedTest" name="ParameterizedTest" time="25.583"/>
</testsuite> <!-- newtestdemo.ParameterizedTest -->
