<?xml version="1.0" encoding="UTF-8"?>
<!-- Generated by org.testng.reporters.JUnitReportReporter -->
<testsuite hostname="DESKTOP-H2ULFNK" failures="0" tests="3" name="newdemo.first" time="0.016" errors="0" timestamp="03 Aug 2019 11:22:30 GMT" skipped="0">
  <testcase classname="newdemo.first" name="Three" time="0.000"/>
  <testcase classname="newdemo.first" name="One" time="0.016"/>
  <testcase classname="newdemo.first" name="Two" time="0.000"/>
</testsuite> <!-- newdemo.first -->
