<?xml version="1.0" encoding="UTF-8"?>
<!-- Generated by org.testng.reporters.JUnitReportReporter -->
<testsuite hostname="DESKTOP-H2ULFNK" failures="0" tests="1" name="newtestdemo.TabDemo1" time="35.132" errors="0" timestamp="04 Aug 2019 07:58:01 GMT" skipped="0">
  <testcase classname="newtestdemo.TabDemo1" name="openSameUrlInMultipleTab" time="35.132"/>
</testsuite> <!-- newtestdemo.TabDemo1 -->
