<?xml version="1.0" encoding="UTF-8"?>
<!-- Generated by org.testng.reporters.JUnitReportReporter -->
<testsuite hostname="DESKTOP-H2ULFNK" failures="0" tests="5" name="newtestdemo.Grouping" time="0.016" errors="0" timestamp="29 Jul 2019 05:27:55 GMT" skipped="0">
  <testcase classname="newtestdemo.Grouping" name="Sedan1" time="0.000"/>
  <testcase classname="newtestdemo.Grouping" name="Scooter1" time="0.000"/>
  <testcase classname="newtestdemo.Grouping" name="Scooter2" time="0.000"/>
  <testcase classname="newtestdemo.Grouping" name="Car2" time="0.016"/>
  <testcase classname="newtestdemo.Grouping" name="Car1" time="0.000"/>
</testsuite> <!-- newtestdemo.Grouping -->
