<?xml version="1.0" encoding="UTF-8"?>
<!-- Generated by org.testng.reporters.JUnitReportReporter -->
<testsuite hostname="DESKTOP-H2ULFNK" failures="0" tests="2" name="newtestdemo.NewTest2" time="0.016" errors="0" timestamp="29 Jul 2019 05:27:55 GMT" skipped="0">
  <testcase classname="newtestdemo.NewTest2" name="second" time="0.016"/>
  <testcase classname="newtestdemo.NewTest2" name="first" time="0.000"/>
</testsuite> <!-- newtestdemo.NewTest2 -->
