<?xml version="1.0" encoding="UTF-8"?>
<!-- Generated by org.testng.reporters.JUnitReportReporter -->
<testsuite hostname="DESKTOP-H2ULFNK" failures="0" tests="4" name="newtestdemo.Skipdemo" time="0.016" errors="0" timestamp="29 Jul 2019 05:27:55 GMT" skipped="1">
  <testcase classname="newtestdemo.Skipdemo" name="Two" time="0.000"/>
  <testcase classname="newtestdemo.Skipdemo" name="Three" time="0.016"/>
  <testcase classname="newtestdemo.Skipdemo" name="Four" time="0.000"/>
  <testcase classname="newtestdemo.Skipdemo" name="One">
    <skipped/>
  </testcase> <!-- One -->
</testsuite> <!-- newtestdemo.Skipdemo -->
