<?xml version="1.0" encoding="UTF-8"?>
<!-- Generated by org.testng.reporters.JUnitReportReporter -->
<testsuite hostname="DESKTOP-H2ULFNK" failures="0" tests="1" name="newtestdemo.Assertsdemo" time="58.287" errors="0" timestamp="29 Jul 2019 05:27:55 GMT" skipped="0">
  <testcase classname="newtestdemo.Assertsdemo" name="f" time="58.287"/>
</testsuite> <!-- newtestdemo.Assertsdemo -->
