<?xml version="1.0" encoding="UTF-8"?>
<!-- Generated by org.testng.reporters.JUnitReportReporter -->
<testsuite hostname="DESKTOP-H2ULFNK" failures="0" tests="4" name="newtestdemo.Skupdemo" time="0.023" errors="0" timestamp="26 Jul 2019 04:22:32 GMT" skipped="1">
  <testcase classname="newtestdemo.Skupdemo" name="Four" time="0.019"/>
  <testcase classname="newtestdemo.Skupdemo" name="Three" time="0.002"/>
  <testcase classname="newtestdemo.Skupdemo" name="Two" time="0.002"/>
  <testcase classname="newtestdemo.Skupdemo" name="One">
    <skipped/>
  </testcase> <!-- One -->
</testsuite> <!-- newtestdemo.Skupdemo -->
