<?xml version="1.0" encoding="UTF-8"?>
<!-- Generated by org.testng.reporters.JUnitReportReporter -->
<testsuite hostname="DESKTOP-H2ULFNK" failures="0" tests="1" name="newtestdemo.MultipleTabHandler" time="32.738" errors="0" timestamp="03 Aug 2019 06:50:06 GMT" skipped="0">
  <testcase classname="newtestdemo.MultipleTabHandler" name="multipletab" time="32.738"/>
</testsuite> <!-- newtestdemo.MultipleTabHandler -->
