<?xml version="1.0" encoding="UTF-8"?>
<!-- Generated by org.testng.reporters.JUnitReportReporter -->
<testsuite hostname="DESKTOP-H2ULFNK" failures="0" tests="1" name="newtestdemo.chromebrowser" time="14.712" errors="0" timestamp="29 Jul 2019 05:27:55 GMT" skipped="0">
  <testcase classname="newtestdemo.chromebrowser" name="main" time="14.712"/>
</testsuite> <!-- newtestdemo.chromebrowser -->
